<?xml version="1.0" encoding="UTF-8"?>
<testng-results ignored="0" total="1" passed="1" failed="0" skipped="0">
  <reporter-output>
  </reporter-output>
  <suite started-at="2024-08-06T00:51:26 IST" name="Suite" finished-at="2024-08-06T00:51:31 IST" duration-ms="5674">
    <groups>
    </groups>
    <test started-at="2024-08-06T00:51:26 IST" name="Test" finished-at="2024-08-06T00:51:31 IST" duration-ms="5674">
      <class name="testCases.Login">
        <test-method is-config="true" signature="before()[pri:0, instance:testCases.Login@6187d1f5]" started-at="2024-08-06T00:51:25 IST" name="before" finished-at="2024-08-06T00:51:26 IST" duration-ms="339" status="PASS">
          <reporter-output>
          </reporter-output>
        </test-method> <!-- before -->
        <test-method is-config="true" signature="setUp()[pri:0, instance:testCases.Login@6187d1f5]" started-at="2024-08-06T00:51:26 IST" name="setUp" finished-at="2024-08-06T00:51:31 IST" duration-ms="5582" status="PASS">
          <reporter-output>
          </reporter-output>
        </test-method> <!-- setUp -->
        <test-method signature="test()[pri:0, instance:testCases.Login@6187d1f5]" started-at="2024-08-06T00:51:31 IST" name="test" finished-at="2024-08-06T00:51:31 IST" duration-ms="15" status="PASS">
          <reporter-output>
          </reporter-output>
        </test-method> <!-- test -->
      </class> <!-- testCases.Login -->
    </test> <!-- Test -->
  </suite> <!-- Suite -->
</testng-results>
