<?xml version="1.0" encoding="UTF-8"?>
<testng-results ignored="0" total="1" passed="1" failed="0" skipped="0">
  <reporter-output>
  </reporter-output>
  <suite started-at="2024-09-15T23:49:32 IST" name="Suite" finished-at="2024-09-15T23:49:57 IST" duration-ms="25658">
    <groups>
    </groups>
    <test started-at="2024-09-15T23:49:32 IST" name="Test" finished-at="2024-09-15T23:49:57 IST" duration-ms="25658">
      <class name="testCases.Login">
        <test-method is-config="true" signature="before()[pri:0, instance:testCases.Login@5f0e9815]" started-at="2024-09-15T23:49:31 IST" name="before" finished-at="2024-09-15T23:49:32 IST" duration-ms="659" status="PASS">
          <reporter-output>
          </reporter-output>
        </test-method> <!-- before -->
        <test-method is-config="true" signature="setUp()[pri:0, instance:testCases.Login@5f0e9815]" started-at="2024-09-15T23:49:32 IST" name="setUp" finished-at="2024-09-15T23:49:47 IST" duration-ms="15223" status="PASS">
          <reporter-output>
          </reporter-output>
        </test-method> <!-- setUp -->
        <test-method signature="Test()[pri:0, instance:testCases.Login@5f0e9815]" started-at="2024-09-15T23:49:47 IST" name="Test" finished-at="2024-09-15T23:49:53 IST" duration-ms="5689" status="PASS">
          <reporter-output>
          </reporter-output>
        </test-method> <!-- Test -->
        <test-method is-config="true" signature="TearDown_AM(org.testng.ITestResult)[pri:0, instance:testCases.Login@5f0e9815]" started-at="2024-09-15T23:49:53 IST" name="TearDown_AM" finished-at="2024-09-15T23:49:57 IST" duration-ms="4654" status="PASS">
          <params>
            <param index="0">
              <value>
                <![CDATA[[TestResult name=Test status=SUCCESS method=Login.Test()[pri:0, instance:testCases.Login@5f0e9815] output={null}]]]>
              </value>
            </param>
          </params>
          <reporter-output>
          </reporter-output>
        </test-method> <!-- TearDown_AM -->
      </class> <!-- testCases.Login -->
    </test> <!-- Test -->
  </suite> <!-- Suite -->
</testng-results>
